DEPRECATION WARNING: You didn't set `secret_key_base`. Read the upgrade documentation to learn more about this new config option. (called from service at /Users/keyariaw/.rvm/gems/ruby-2.4.2@global/gems/rack-2.0.3/lib/rack/handler/webrick.rb:86)
DEPRECATION WARNING: You didn't set `secret_key_base`. Read the upgrade documentation to learn more about this new config option. (called from service at /Users/keyariaw/.rvm/gems/ruby-2.4.2@global/gems/rack-2.0.3/lib/rack/handler/webrick.rb:86)
DEPRECATION WARNING: You didn't set `secret_key_base`. Read the upgrade documentation to learn more about this new config option. (called from service at /Users/keyariaw/.rvm/gems/ruby-2.4.2@global/gems/rack-2.0.3/lib/rack/handler/webrick.rb:86)
DEPRECATION WARNING: You didn't set `secret_key_base`. Read the upgrade documentation to learn more about this new config option. (called from service at /Users/keyariaw/.rvm/gems/ruby-2.4.2@global/gems/rack-2.0.3/lib/rack/handler/webrick.rb:86)
DEPRECATION WARNING: You didn't set `secret_key_base`. Read the upgrade documentation to learn more about this new config option. (called from service at /Users/keyariaw/.rvm/gems/ruby-2.4.2@global/gems/rack-2.0.3/lib/rack/handler/webrick.rb:86)
DEPRECATION WARNING: You didn't set `secret_key_base`. Read the upgrade documentation to learn more about this new config option. (called from service at /Users/keyariaw/.rvm/gems/ruby-2.4.2@global/gems/rack-2.0.3/lib/rack/handler/webrick.rb:86)
DEPRECATION WARNING: You didn't set `secret_key_base`. Read the upgrade documentation to learn more about this new config option. (called from service at /Users/keyariaw/.rvm/gems/ruby-2.4.2@global/gems/rack-2.0.3/lib/rack/handler/webrick.rb:86)
DEPRECATION WARNING: You didn't set `secret_key_base`. Read the upgrade documentation to learn more about this new config option. (called from service at /Users/keyariaw/.rvm/gems/ruby-2.4.2@global/gems/rack-2.0.3/lib/rack/handler/webrick.rb:86)
DEPRECATION WARNING: You didn't set `secret_key_base`. Read the upgrade documentation to learn more about this new config option. (called from service at /Users/keyariaw/.rvm/gems/ruby-2.4.2@global/gems/rack-2.0.3/lib/rack/handler/webrick.rb:86)
DEPRECATION WARNING: You didn't set `secret_key_base`. Read the upgrade documentation to learn more about this new config option. (called from service at /Users/keyariaw/.rvm/gems/ruby-2.4.2@global/gems/rack-2.0.3/lib/rack/handler/webrick.rb:86)
DEPRECATION WARNING: You didn't set `secret_key_base`. Read the upgrade documentation to learn more about this new config option. (called from service at /Users/keyariaw/.rvm/gems/ruby-2.4.2@global/gems/rack-2.0.3/lib/rack/handler/webrick.rb:86)
DEPRECATION WARNING: You didn't set `secret_key_base`. Read the upgrade documentation to learn more about this new config option. (called from service at /Users/keyariaw/.rvm/gems/ruby-2.4.2@global/gems/rack-2.0.3/lib/rack/handler/webrick.rb:86)
DEPRECATION WARNING: You didn't set `secret_key_base`. Read the upgrade documentation to learn more about this new config option. (called from service at /Users/keyariaw/.rvm/gems/ruby-2.4.2@global/gems/rack-2.0.3/lib/rack/handler/webrick.rb:86)
DEPRECATION WARNING: You didn't set `secret_key_base`. Read the upgrade documentation to learn more about this new config option. (called from service at /Users/keyariaw/.rvm/gems/ruby-2.4.2@global/gems/rack-2.0.3/lib/rack/handler/webrick.rb:86)
DEPRECATION WARNING: You didn't set `secret_key_base`. Read the upgrade documentation to learn more about this new config option. (called from service at /Users/keyariaw/.rvm/gems/ruby-2.4.2@global/gems/rack-2.0.3/lib/rack/handler/webrick.rb:86)
DEPRECATION WARNING: You didn't set `secret_key_base`. Read the upgrade documentation to learn more about this new config option. (called from service at /Users/keyariaw/.rvm/gems/ruby-2.4.2@global/gems/rack-2.0.3/lib/rack/handler/webrick.rb:86)
DEPRECATION WARNING: You didn't set `secret_key_base`. Read the upgrade documentation to learn more about this new config option. (called from service at /Users/keyariaw/.rvm/gems/ruby-2.4.2@global/gems/rack-2.0.3/lib/rack/handler/webrick.rb:86)
DEPRECATION WARNING: You didn't set `secret_key_base`. Read the upgrade documentation to learn more about this new config option. (called from service at /Users/keyariaw/.rvm/gems/ruby-2.4.2@global/gems/rack-2.0.3/lib/rack/handler/webrick.rb:86)
DEPRECATION WARNING: You didn't set `secret_key_base`. Read the upgrade documentation to learn more about this new config option. (called from service at /Users/keyariaw/.rvm/gems/ruby-2.4.2@global/gems/rack-2.0.3/lib/rack/handler/webrick.rb:86)
DEPRECATION WARNING: You didn't set `secret_key_base`. Read the upgrade documentation to learn more about this new config option. (called from service at /Users/keyariaw/.rvm/gems/ruby-2.4.2@global/gems/rack-2.0.3/lib/rack/handler/webrick.rb:86)
DEPRECATION WARNING: You didn't set `secret_key_base`. Read the upgrade documentation to learn more about this new config option. (called from service at /Users/keyariaw/.rvm/gems/ruby-2.4.2@global/gems/rack-2.0.3/lib/rack/handler/webrick.rb:86)
DEPRECATION WARNING: You didn't set `secret_key_base`. Read the upgrade documentation to learn more about this new config option. (called from service at /Users/keyariaw/.rvm/gems/ruby-2.4.2@global/gems/rack-2.0.3/lib/rack/handler/webrick.rb:86)
DEPRECATION WARNING: You didn't set `secret_key_base`. Read the upgrade documentation to learn more about this new config option. (called from service at /Users/keyariaw/.rvm/gems/ruby-2.4.2@global/gems/rack-2.0.3/lib/rack/handler/webrick.rb:86)
DEPRECATION WARNING: You didn't set `secret_key_base`. Read the upgrade documentation to learn more about this new config option. (called from service at /Users/keyariaw/.rvm/gems/ruby-2.4.2@global/gems/rack-2.0.3/lib/rack/handler/webrick.rb:86)
DEPRECATION WARNING: You didn't set `secret_key_base`. Read the upgrade documentation to learn more about this new config option. (called from service at /Users/keyariaw/.rvm/gems/ruby-2.4.2@global/gems/rack-2.0.3/lib/rack/handler/webrick.rb:86)
DEPRECATION WARNING: You didn't set `secret_key_base`. Read the upgrade documentation to learn more about this new config option. (called from service at /Users/keyariaw/.rvm/gems/ruby-2.4.2@global/gems/rack-2.0.3/lib/rack/handler/webrick.rb:86)
DEPRECATION WARNING: You didn't set `secret_key_base`. Read the upgrade documentation to learn more about this new config option. (called from service at /Users/keyariaw/.rvm/gems/ruby-2.4.2@global/gems/rack-2.0.3/lib/rack/handler/webrick.rb:86)
DEPRECATION WARNING: You didn't set `secret_key_base`. Read the upgrade documentation to learn more about this new config option. (called from service at /Users/keyariaw/.rvm/gems/ruby-2.4.2@global/gems/rack-2.0.3/lib/rack/handler/webrick.rb:86)
DEPRECATION WARNING: You didn't set `secret_key_base`. Read the upgrade documentation to learn more about this new config option. (called from service at /Users/keyariaw/.rvm/gems/ruby-2.4.2@global/gems/rack-2.0.3/lib/rack/handler/webrick.rb:86)
DEPRECATION WARNING: You didn't set `secret_key_base`. Read the upgrade documentation to learn more about this new config option. (called from service at /Users/keyariaw/.rvm/gems/ruby-2.4.2@global/gems/rack-2.0.3/lib/rack/handler/webrick.rb:86)
DEPRECATION WARNING: You didn't set `secret_key_base`. Read the upgrade documentation to learn more about this new config option. (called from service at /Users/keyariaw/.rvm/gems/ruby-2.4.2@global/gems/rack-2.0.3/lib/rack/handler/webrick.rb:86)
DEPRECATION WARNING: You didn't set `secret_key_base`. Read the upgrade documentation to learn more about this new config option. (called from service at /Users/keyariaw/.rvm/gems/ruby-2.4.2@global/gems/rack-2.0.3/lib/rack/handler/webrick.rb:86)
DEPRECATION WARNING: You didn't set `secret_key_base`. Read the upgrade documentation to learn more about this new config option. (called from service at /Users/keyariaw/.rvm/gems/ruby-2.4.2@global/gems/rack-2.0.3/lib/rack/handler/webrick.rb:86)
DEPRECATION WARNING: You didn't set `secret_key_base`. Read the upgrade documentation to learn more about this new config option. (called from service at /Users/keyariaw/.rvm/gems/ruby-2.4.2@global/gems/rack-2.0.3/lib/rack/handler/webrick.rb:86)
DEPRECATION WARNING: You didn't set `secret_key_base`. Read the upgrade documentation to learn more about this new config option. (called from service at /Users/keyariaw/.rvm/gems/ruby-2.4.2@global/gems/rack-2.0.3/lib/rack/handler/webrick.rb:86)
DEPRECATION WARNING: You didn't set `secret_key_base`. Read the upgrade documentation to learn more about this new config option. (called from service at /Users/keyariaw/.rvm/gems/ruby-2.4.2@global/gems/rack-2.0.3/lib/rack/handler/webrick.rb:86)
DEPRECATION WARNING: You didn't set `secret_key_base`. Read the upgrade documentation to learn more about this new config option. (called from service at /Users/keyariaw/.rvm/gems/ruby-2.4.2@global/gems/rack-2.0.3/lib/rack/handler/webrick.rb:86)
DEPRECATION WARNING: You didn't set `secret_key_base`. Read the upgrade documentation to learn more about this new config option. (called from service at /Users/keyariaw/.rvm/gems/ruby-2.4.2@global/gems/rack-2.0.3/lib/rack/handler/webrick.rb:86)
DEPRECATION WARNING: You didn't set `secret_key_base`. Read the upgrade documentation to learn more about this new config option. (called from service at /Users/keyariaw/.rvm/gems/ruby-2.4.2@global/gems/rack-2.0.3/lib/rack/handler/webrick.rb:86)
DEPRECATION WARNING: You didn't set `secret_key_base`. Read the upgrade documentation to learn more about this new config option. (called from service at /Users/keyariaw/.rvm/gems/ruby-2.4.2@global/gems/rack-2.0.3/lib/rack/handler/webrick.rb:86)
DEPRECATION WARNING: You didn't set `secret_key_base`. Read the upgrade documentation to learn more about this new config option. (called from service at /Users/keyariaw/.rvm/gems/ruby-2.4.2@global/gems/rack-2.0.3/lib/rack/handler/webrick.rb:86)
DEPRECATION WARNING: You didn't set `secret_key_base`. Read the upgrade documentation to learn more about this new config option. (called from service at /Users/keyariaw/.rvm/gems/ruby-2.4.2@global/gems/rack-2.0.3/lib/rack/handler/webrick.rb:86)
DEPRECATION WARNING: You didn't set `secret_key_base`. Read the upgrade documentation to learn more about this new config option. (called from service at /Users/keyariaw/.rvm/gems/ruby-2.4.2@global/gems/rack-2.0.3/lib/rack/handler/webrick.rb:86)
DEPRECATION WARNING: You didn't set `secret_key_base`. Read the upgrade documentation to learn more about this new config option. (called from service at /Users/keyariaw/.rvm/gems/ruby-2.4.2@global/gems/rack-2.0.3/lib/rack/handler/webrick.rb:86)
DEPRECATION WARNING: You didn't set `secret_key_base`. Read the upgrade documentation to learn more about this new config option. (called from service at /Users/keyariaw/.rvm/gems/ruby-2.4.2@global/gems/rack-2.0.3/lib/rack/handler/webrick.rb:86)
DEPRECATION WARNING: You didn't set `secret_key_base`. Read the upgrade documentation to learn more about this new config option. (called from service at /Users/keyariaw/.rvm/gems/ruby-2.4.2@global/gems/rack-2.0.3/lib/rack/handler/webrick.rb:86)
Started GET "/" for ::1 at 2017-10-24 18:15:43 -0400
Processing by HomeController#index as HTML
Completed 500 Internal Server Error in 121ms (ActiveRecord: 0.0ms)


  
Errno::ECONNREFUSED (Connection refused - Connection refused - connect(2) for "mjc12-dev.library.cornell.edu" port 3000 (mjc12-dev.library.cornell.edu:3000)):
  
app/controllers/home_controller.rb:5:in `index'
  Rendering /Users/keyariaw/.rvm/gems/ruby-2.4.2/gems/actionpack-5.0.0/lib/action_dispatch/middleware/templates/rescues/diagnostics.html.erb within rescues/layout
  Rendering /Users/keyariaw/.rvm/gems/ruby-2.4.2/gems/actionpack-5.0.0/lib/action_dispatch/middleware/templates/rescues/_source.html.erb
  Rendered /Users/keyariaw/.rvm/gems/ruby-2.4.2/gems/actionpack-5.0.0/lib/action_dispatch/middleware/templates/rescues/_source.html.erb (5.4ms)
  Rendering /Users/keyariaw/.rvm/gems/ruby-2.4.2/gems/actionpack-5.0.0/lib/action_dispatch/middleware/templates/rescues/_trace.html.erb
  Rendered /Users/keyariaw/.rvm/gems/ruby-2.4.2/gems/actionpack-5.0.0/lib/action_dispatch/middleware/templates/rescues/_trace.html.erb (2.0ms)
  Rendering /Users/keyariaw/.rvm/gems/ruby-2.4.2/gems/actionpack-5.0.0/lib/action_dispatch/middleware/templates/rescues/_request_and_response.html.erb
  Rendered /Users/keyariaw/.rvm/gems/ruby-2.4.2/gems/actionpack-5.0.0/lib/action_dispatch/middleware/templates/rescues/_request_and_response.html.erb (12.9ms)
  Rendered /Users/keyariaw/.rvm/gems/ruby-2.4.2/gems/actionpack-5.0.0/lib/action_dispatch/middleware/templates/rescues/diagnostics.html.erb within rescues/layout (104.9ms)
Started GET "/" for ::1 at 2017-10-24 18:24:48 -0400
Processing by HomeController#index as HTML
  Rendering home/index.html.erb within layouts/application
  Rendered home/index.html.erb within layouts/application (1.0ms)
DEPRECATION WARNING: Extra .css in SCSS file is unnecessary. Rename /Users/keyariaw/Documents/lol-awesomizer-master/app/assets/stylesheets/home.css.scss to /Users/keyariaw/Documents/lol-awesomizer-master/app/assets/stylesheets/home.scss. (called from call at /Users/keyariaw/.rvm/gems/ruby-2.4.2@global/gems/sprockets-3.7.1/lib/sprockets/legacy_tilt_processor.rb:25)
DEPRECATION WARNING: Extra .css in SCSS file is unnecessary. Rename /Users/keyariaw/Documents/lol-awesomizer-master/app/assets/stylesheets/_cornell_brand.css.scss to /Users/keyariaw/Documents/lol-awesomizer-master/app/assets/stylesheets/_cornell_brand.scss. (called from call at /Users/keyariaw/.rvm/gems/ruby-2.4.2@global/gems/sprockets-3.7.1/lib/sprockets/legacy_tilt_processor.rb:25)
DEPRECATION WARNING: Extra .css in SCSS file is unnecessary. Rename /Users/keyariaw/Documents/lol-awesomizer-master/app/assets/stylesheets/home.css.scss to /Users/keyariaw/Documents/lol-awesomizer-master/app/assets/stylesheets/home.scss. (called from call at /Users/keyariaw/.rvm/gems/ruby-2.4.2@global/gems/sprockets-3.7.1/lib/sprockets/legacy_tilt_processor.rb:25)
DEPRECATION WARNING: Extra .css in SCSS file is unnecessary. Rename /Users/keyariaw/Documents/lol-awesomizer-master/app/assets/stylesheets/_cornell_brand.css.scss to /Users/keyariaw/Documents/lol-awesomizer-master/app/assets/stylesheets/_cornell_brand.scss. (called from call at /Users/keyariaw/.rvm/gems/ruby-2.4.2@global/gems/sprockets-3.7.1/lib/sprockets/legacy_tilt_processor.rb:25)
Completed 200 OK in 5483ms (Views: 5478.7ms | ActiveRecord: 0.0ms)


  
ArgumentError (key must be 32 bytes):
  
activesupport (5.0.0) lib/active_support/message_encryptor.rb:72:in `key='
activesupport (5.0.0) lib/active_support/message_encryptor.rb:72:in `_encrypt'
activesupport (5.0.0) lib/active_support/message_encryptor.rb:58:in `encrypt_and_sign'
actionpack (5.0.0) lib/action_dispatch/middleware/cookies.rb:592:in `commit'
actionpack (5.0.0) lib/action_dispatch/middleware/cookies.rb:465:in `[]='
actionpack (5.0.0) lib/action_dispatch/middleware/session/cookie_store.rb:117:in `set_cookie'
rack (2.0.3) lib/rack/session/abstract/id.rb:363:in `commit_session'
rack (2.0.3) lib/rack/session/abstract/id.rb:234:in `context'
rack (2.0.3) lib/rack/session/abstract/id.rb:226:in `call'
actionpack (5.0.0) lib/action_dispatch/middleware/cookies.rb:613:in `call'
activerecord (5.0.0) lib/active_record/migration.rb:552:in `call'
actionpack (5.0.0) lib/action_dispatch/middleware/callbacks.rb:38:in `block in call'
activesupport (5.0.0) lib/active_support/callbacks.rb:97:in `__run_callbacks__'
activesupport (5.0.0) lib/active_support/callbacks.rb:750:in `_run_call_callbacks'
activesupport (5.0.0) lib/active_support/callbacks.rb:90:in `run_callbacks'
actionpack (5.0.0) lib/action_dispatch/middleware/callbacks.rb:36:in `call'
actionpack (5.0.0) lib/action_dispatch/middleware/executor.rb:12:in `call'
actionpack (5.0.0) lib/action_dispatch/middleware/remote_ip.rb:79:in `call'
actionpack (5.0.0) lib/action_dispatch/middleware/debug_exceptions.rb:49:in `call'
actionpack (5.0.0) lib/action_dispatch/middleware/show_exceptions.rb:31:in `call'
railties (5.0.0) lib/rails/rack/logger.rb:36:in `call_app'
railties (5.0.0) lib/rails/rack/logger.rb:24:in `block in call'
activesupport (5.0.0) lib/active_support/tagged_logging.rb:70:in `block in tagged'
activesupport (5.0.0) lib/active_support/tagged_logging.rb:26:in `tagged'
activesupport (5.0.0) lib/active_support/tagged_logging.rb:70:in `tagged'
railties (5.0.0) lib/rails/rack/logger.rb:24:in `call'
actionpack (5.0.0) lib/action_dispatch/middleware/request_id.rb:24:in `call'
rack (2.0.3) lib/rack/method_override.rb:22:in `call'
rack (2.0.3) lib/rack/runtime.rb:22:in `call'
activesupport (5.0.0) lib/active_support/cache/strategy/local_cache_middleware.rb:28:in `call'
actionpack (5.0.0) lib/action_dispatch/middleware/executor.rb:12:in `call'
actionpack (5.0.0) lib/action_dispatch/middleware/static.rb:136:in `call'
rack (2.0.3) lib/rack/sendfile.rb:111:in `call'
railties (5.0.0) lib/rails/engine.rb:522:in `call'
rack (2.0.3) lib/rack/handler/webrick.rb:86:in `service'
/Users/keyariaw/.rvm/rubies/ruby-2.4.2/lib/ruby/2.4.0/webrick/httpserver.rb:140:in `service'
/Users/keyariaw/.rvm/rubies/ruby-2.4.2/lib/ruby/2.4.0/webrick/httpserver.rb:96:in `run'
/Users/keyariaw/.rvm/rubies/ruby-2.4.2/lib/ruby/2.4.0/webrick/server.rb:290:in `block in start_thread'
  Rendering /Users/keyariaw/.rvm/gems/ruby-2.4.2/gems/actionpack-5.0.0/lib/action_dispatch/middleware/templates/rescues/diagnostics.html.erb within rescues/layout
  Rendering /Users/keyariaw/.rvm/gems/ruby-2.4.2/gems/actionpack-5.0.0/lib/action_dispatch/middleware/templates/rescues/_source.html.erb
  Rendered /Users/keyariaw/.rvm/gems/ruby-2.4.2/gems/actionpack-5.0.0/lib/action_dispatch/middleware/templates/rescues/_source.html.erb (3.3ms)
  Rendering /Users/keyariaw/.rvm/gems/ruby-2.4.2/gems/actionpack-5.0.0/lib/action_dispatch/middleware/templates/rescues/_trace.html.erb
  Rendered /Users/keyariaw/.rvm/gems/ruby-2.4.2/gems/actionpack-5.0.0/lib/action_dispatch/middleware/templates/rescues/_trace.html.erb (1.7ms)
  Rendering /Users/keyariaw/.rvm/gems/ruby-2.4.2/gems/actionpack-5.0.0/lib/action_dispatch/middleware/templates/rescues/_request_and_response.html.erb
  Rendered /Users/keyariaw/.rvm/gems/ruby-2.4.2/gems/actionpack-5.0.0/lib/action_dispatch/middleware/templates/rescues/_request_and_response.html.erb (1.0ms)
  Rendered /Users/keyariaw/.rvm/gems/ruby-2.4.2/gems/actionpack-5.0.0/lib/action_dispatch/middleware/templates/rescues/diagnostics.html.erb within rescues/layout (70.2ms)
Started GET "/" for ::1 at 2017-10-24 19:05:52 -0400
Processing by HomeController#index as HTML
Completed 500 Internal Server Error in 13ms (ActiveRecord: 0.0ms)


  
NameError (undefined local variable or method `csv' for #<HomeController:0x00007fca181b9f10>):
  
app/controllers/home_controller.rb:6:in `index'
  Rendering /Users/keyariaw/.rvm/gems/ruby-2.4.2/gems/actionpack-5.0.0/lib/action_dispatch/middleware/templates/rescues/diagnostics.html.erb within rescues/layout
  Rendering /Users/keyariaw/.rvm/gems/ruby-2.4.2/gems/actionpack-5.0.0/lib/action_dispatch/middleware/templates/rescues/_source.html.erb
  Rendered /Users/keyariaw/.rvm/gems/ruby-2.4.2/gems/actionpack-5.0.0/lib/action_dispatch/middleware/templates/rescues/_source.html.erb (4.8ms)
  Rendering /Users/keyariaw/.rvm/gems/ruby-2.4.2/gems/actionpack-5.0.0/lib/action_dispatch/middleware/templates/rescues/_trace.html.erb
  Rendered /Users/keyariaw/.rvm/gems/ruby-2.4.2/gems/actionpack-5.0.0/lib/action_dispatch/middleware/templates/rescues/_trace.html.erb (3.5ms)
  Rendering /Users/keyariaw/.rvm/gems/ruby-2.4.2/gems/actionpack-5.0.0/lib/action_dispatch/middleware/templates/rescues/_request_and_response.html.erb
  Rendered /Users/keyariaw/.rvm/gems/ruby-2.4.2/gems/actionpack-5.0.0/lib/action_dispatch/middleware/templates/rescues/_request_and_response.html.erb (1.7ms)
  Rendered /Users/keyariaw/.rvm/gems/ruby-2.4.2/gems/actionpack-5.0.0/lib/action_dispatch/middleware/templates/rescues/diagnostics.html.erb within rescues/layout (95.9ms)
Started GET "/" for ::1 at 2017-10-24 19:06:31 -0400
Processing by HomeController#index as HTML
Completed 500 Internal Server Error in 6ms (ActiveRecord: 0.0ms)


  
NameError (undefined local variable or method `csv' for #<HomeController:0x00007fca16583198>):
  
app/controllers/home_controller.rb:6:in `index'
  Rendering /Users/keyariaw/.rvm/gems/ruby-2.4.2/gems/actionpack-5.0.0/lib/action_dispatch/middleware/templates/rescues/diagnostics.html.erb within rescues/layout
  Rendering /Users/keyariaw/.rvm/gems/ruby-2.4.2/gems/actionpack-5.0.0/lib/action_dispatch/middleware/templates/rescues/_source.html.erb
  Rendered /Users/keyariaw/.rvm/gems/ruby-2.4.2/gems/actionpack-5.0.0/lib/action_dispatch/middleware/templates/rescues/_source.html.erb (10.8ms)
  Rendering /Users/keyariaw/.rvm/gems/ruby-2.4.2/gems/actionpack-5.0.0/lib/action_dispatch/middleware/templates/rescues/_trace.html.erb
  Rendered /Users/keyariaw/.rvm/gems/ruby-2.4.2/gems/actionpack-5.0.0/lib/action_dispatch/middleware/templates/rescues/_trace.html.erb (21.4ms)
  Rendering /Users/keyariaw/.rvm/gems/ruby-2.4.2/gems/actionpack-5.0.0/lib/action_dispatch/middleware/templates/rescues/_request_and_response.html.erb
  Rendered /Users/keyariaw/.rvm/gems/ruby-2.4.2/gems/actionpack-5.0.0/lib/action_dispatch/middleware/templates/rescues/_request_and_response.html.erb (1.1ms)
  Rendered /Users/keyariaw/.rvm/gems/ruby-2.4.2/gems/actionpack-5.0.0/lib/action_dispatch/middleware/templates/rescues/diagnostics.html.erb within rescues/layout (104.4ms)
Started GET "/" for ::1 at 2017-10-24 19:08:07 -0400
Processing by HomeController#index as HTML
Completed 500 Internal Server Error in 6ms (ActiveRecord: 0.0ms)


  
NameError (undefined local variable or method `csv' for #<HomeController:0x00007fca1861d200>
Did you mean?  CSV):
  
app/controllers/home_controller.rb:7:in `index'
  Rendering /Users/keyariaw/.rvm/gems/ruby-2.4.2/gems/actionpack-5.0.0/lib/action_dispatch/middleware/templates/rescues/diagnostics.html.erb within rescues/layout
  Rendering /Users/keyariaw/.rvm/gems/ruby-2.4.2/gems/actionpack-5.0.0/lib/action_dispatch/middleware/templates/rescues/_source.html.erb
  Rendered /Users/keyariaw/.rvm/gems/ruby-2.4.2/gems/actionpack-5.0.0/lib/action_dispatch/middleware/templates/rescues/_source.html.erb (6.1ms)
  Rendering /Users/keyariaw/.rvm/gems/ruby-2.4.2/gems/actionpack-5.0.0/lib/action_dispatch/middleware/templates/rescues/_trace.html.erb
  Rendered /Users/keyariaw/.rvm/gems/ruby-2.4.2/gems/actionpack-5.0.0/lib/action_dispatch/middleware/templates/rescues/_trace.html.erb (2.1ms)
  Rendering /Users/keyariaw/.rvm/gems/ruby-2.4.2/gems/actionpack-5.0.0/lib/action_dispatch/middleware/templates/rescues/_request_and_response.html.erb
  Rendered /Users/keyariaw/.rvm/gems/ruby-2.4.2/gems/actionpack-5.0.0/lib/action_dispatch/middleware/templates/rescues/_request_and_response.html.erb (1.6ms)
  Rendered /Users/keyariaw/.rvm/gems/ruby-2.4.2/gems/actionpack-5.0.0/lib/action_dispatch/middleware/templates/rescues/diagnostics.html.erb within rescues/layout (81.1ms)
Started GET "/" for ::1 at 2017-10-24 19:08:36 -0400
Processing by HomeController#index as HTML
Completed 500 Internal Server Error in 0ms (ActiveRecord: 0.0ms)


  
Errno::ENOENT (No such file or directory @ rb_sysopen - lol-awesomizer-master/app/assets/CSVfile/SDL_Books.csv - SDL_Books.csv.csv):
  
app/controllers/home_controller.rb:7:in `index'
  Rendering /Users/keyariaw/.rvm/gems/ruby-2.4.2/gems/actionpack-5.0.0/lib/action_dispatch/middleware/templates/rescues/diagnostics.html.erb within rescues/layout
  Rendering /Users/keyariaw/.rvm/gems/ruby-2.4.2/gems/actionpack-5.0.0/lib/action_dispatch/middleware/templates/rescues/_source.html.erb
  Rendered /Users/keyariaw/.rvm/gems/ruby-2.4.2/gems/actionpack-5.0.0/lib/action_dispatch/middleware/templates/rescues/_source.html.erb (3.9ms)
  Rendering /Users/keyariaw/.rvm/gems/ruby-2.4.2/gems/actionpack-5.0.0/lib/action_dispatch/middleware/templates/rescues/_trace.html.erb
  Rendered /Users/keyariaw/.rvm/gems/ruby-2.4.2/gems/actionpack-5.0.0/lib/action_dispatch/middleware/templates/rescues/_trace.html.erb (2.1ms)
  Rendering /Users/keyariaw/.rvm/gems/ruby-2.4.2/gems/actionpack-5.0.0/lib/action_dispatch/middleware/templates/rescues/_request_and_response.html.erb
  Rendered /Users/keyariaw/.rvm/gems/ruby-2.4.2/gems/actionpack-5.0.0/lib/action_dispatch/middleware/templates/rescues/_request_and_response.html.erb (0.9ms)
  Rendered /Users/keyariaw/.rvm/gems/ruby-2.4.2/gems/actionpack-5.0.0/lib/action_dispatch/middleware/templates/rescues/diagnostics.html.erb within rescues/layout (64.6ms)
Started GET "/" for ::1 at 2017-10-24 19:09:18 -0400
Processing by HomeController#index as HTML
  Rendering home/index.html.erb within layouts/application
  Rendered home/index.html.erb within layouts/application (2.4ms)
Completed 500 Internal Server Error in 13ms (ActiveRecord: 0.0ms)


  
ActionView::Template::Error (no implicit conversion of Array into String):
    1: 
    2:   
    3:   <% if @aString.present? %>
    4:       <% books = JSON.parse @aString %>
    5:       <% if params[:order] == "votes" %>
    6:       <% books.sort_by! { | h | h["votes"] }.reverse! %>
    7:       <% else %>
  
app/views/home/index.html.erb:4:in `_app_views_home_index_html_erb___514812385074008501_70252962627100'
  Rendering /Users/keyariaw/.rvm/gems/ruby-2.4.2/gems/actionpack-5.0.0/lib/action_dispatch/middleware/templates/rescues/template_error.html.erb within rescues/layout
  Rendering /Users/keyariaw/.rvm/gems/ruby-2.4.2/gems/actionpack-5.0.0/lib/action_dispatch/middleware/templates/rescues/_source.html.erb
  Rendered /Users/keyariaw/.rvm/gems/ruby-2.4.2/gems/actionpack-5.0.0/lib/action_dispatch/middleware/templates/rescues/_source.html.erb (6.2ms)
  Rendering /Users/keyariaw/.rvm/gems/ruby-2.4.2/gems/actionpack-5.0.0/lib/action_dispatch/middleware/templates/rescues/_trace.html.erb
  Rendered /Users/keyariaw/.rvm/gems/ruby-2.4.2/gems/actionpack-5.0.0/lib/action_dispatch/middleware/templates/rescues/_trace.html.erb (2.4ms)
  Rendering /Users/keyariaw/.rvm/gems/ruby-2.4.2/gems/actionpack-5.0.0/lib/action_dispatch/middleware/templates/rescues/_request_and_response.html.erb
  Rendered /Users/keyariaw/.rvm/gems/ruby-2.4.2/gems/actionpack-5.0.0/lib/action_dispatch/middleware/templates/rescues/_request_and_response.html.erb (1.3ms)
  Rendered /Users/keyariaw/.rvm/gems/ruby-2.4.2/gems/actionpack-5.0.0/lib/action_dispatch/middleware/templates/rescues/template_error.html.erb within rescues/layout (67.4ms)
